  Game + win or lose.cpp
Game + win or lose.cpp(90): warning C4018: '<': signed/unsigned mismatch
Game + win or lose.cpp(91): warning C4018: '<': signed/unsigned mismatch
Game + win or lose.cpp(379): warning C4244: 'argument': conversion from 'int' to 'float', possible loss of data
Game + win or lose.cpp(580): warning C4244: 'argument': conversion from 'int' to 'float', possible loss of data
Game + win or lose.cpp(581): warning C4244: 'argument': conversion from 'int' to 'float', possible loss of data
Game + win or lose.cpp(593): warning C4244: 'argument': conversion from 'int' to 'float', possible loss of data
Game + win or lose.cpp(594): warning C4244: 'argument': conversion from 'int' to 'float', possible loss of data
Game + win or lose.cpp(724): warning C4244: 'argument': conversion from 'int' to 'float', possible loss of data
Game + win or lose.cpp(725): warning C4244: 'argument': conversion from 'const int' to 'float', possible loss of data
Game + win or lose.cpp(818): warning C4244: 'argument': conversion from 'float' to 'int', possible loss of data
Game + win or lose.cpp(876): warning C4244: 'argument': conversion from 'float' to 'int', possible loss of data
Game + win or lose.cpp(911): warning C4244: 'argument': conversion from 'float' to 'int', possible loss of data
Game + win or lose.cpp(964): warning C4244: 'argument': conversion from 'float' to 'int', possible loss of data
Game + win or lose.cpp(997): warning C4244: 'argument': conversion from 'float' to 'int', possible loss of data
Game + win or lose.cpp(1092): warning C4244: 'argument': conversion from 'int' to 'float', possible loss of data
  Generating code
LINK : fatal error C1001: An internal error has occurred in the compiler.
  (compiler file 'f:\dd\vctools\compiler\utc\src\p2\main.c', line 258)
   To work around this problem, try simplifying or changing the program near the locations listed above.
  Please choose the Technical Support command on the Visual C++ 
   Help menu, or open the Technical Support help file for more information
    link!InvokeCompilerPass()+0x1ee17
    link!InvokeCompilerPass()+0x1ee17
    link!InvokeCompilerPass()+0x1e831
    link!DllGetC2Telemetry()+0xf2634
    link!CloseTypeServerPDB()+0xc5fa3
  
LINK : fatal error C1001: An internal error has occurred in the compiler.
  (compiler file 'f:\dd\vctools\compiler\utc\src\p2\main.c', line 258)
   To work around this problem, try simplifying or changing the program near the locations listed above.
  Please choose the Technical Support command on the Visual C++ 
   Help menu, or open the Technical Support help file for more information
    link!InvokeCompilerPass()+0x1ee17
    link!InvokeCompilerPass()+0x1e831
    link!DllGetC2Telemetry()+0xf2634
    link!CloseTypeServerPDB()+0xc5fa3
  
  
LINK : fatal error LNK1000: Internal error during IMAGE::BuildImage
  
    Version 14.12.25835.0
  
    ExceptionCode            = C0000005
    ExceptionFlags           = 00000000
    ExceptionAddress         = 50951E34 (50520000) "C:\Program Files (x86)\Microsoft Visual Studio\2017\Community\VC\Tools\MSVC\14.12.25827\bin\HostX86\x86\c2.dll"
    NumberParameters         = 00000002
    ExceptionInformation[ 0] = 00000000
    ExceptionInformation[ 1] = 0A67DBEC
  
  CONTEXT:
    Eax    = 0A67DBEC  Esp    = 00AFE9A8
    Ebx    = 006501B3  Ebp    = 00AFE9D8
    Ecx    = 00000005  Esi    = 0A67DBEC
    Edx    = 05FDE02C  Edi    = 00AFE9B8
    Eip    = 50951E34  EFlags = 00010202
    SegCs  = 00000023  SegDs  = 0000002B
    SegSs  = 0000002B  SegEs  = 0000002B
    SegFs  = 00000053  SegGs  = 0000002B
    Dr0    = 00000000  Dr3    = 00000000
    Dr1    = 00000000  Dr6    = 00000000
    Dr2    = 00000000  Dr7    = 00000000
